  MainForm.cpp
c:\users\елена\documents\visual studio 2015\projects\diploma\neuronetdesigner\neuronetdesigner\Creator.h(1041): warning C4018: '<': signed/unsigned mismatch
c:\users\елена\documents\visual studio 2015\projects\diploma\neuronetdesigner\neuronetdesigner\Creator.h(1153): warning C4018: '<': signed/unsigned mismatch
c:\users\елена\documents\visual studio 2015\projects\diploma\neuronetdesigner\neuronetdesigner\Creator.h(1166): warning C4244: '=': conversion from 'double' to 'int', possible loss of data
c:\users\елена\documents\visual studio 2015\projects\diploma\neuronetdesigner\neuronetdesigner\Creator.h(1178): warning C4244: 'argument': conversion from 'double' to 'int', possible loss of data
c:\users\елена\documents\visual studio 2015\projects\diploma\neuronetdesigner\neuronetdesigner\Creator.h(1187): warning C4018: '<': signed/unsigned mismatch
c:\users\елена\documents\visual studio 2015\projects\diploma\neuronetdesigner\neuronetdesigner\Creator.h(1198): warning C4244: 'argument': conversion from 'double' to 'float', possible loss of data
c:\users\елена\documents\visual studio 2015\projects\diploma\neuronetdesigner\neuronetdesigner\Creator.h(1212): warning C4018: '<': signed/unsigned mismatch
c:\users\елена\documents\visual studio 2015\projects\diploma\neuronetdesigner\neuronetdesigner\Creator.h(1228): warning C4244: 'argument': conversion from 'double' to 'int', possible loss of data
c:\users\елена\documents\visual studio 2015\projects\diploma\neuronetdesigner\neuronetdesigner\Creator.h(1278): warning C4018: '<': signed/unsigned mismatch
c:\users\елена\documents\visual studio 2015\projects\diploma\neuronetdesigner\neuronetdesigner\Creator.h(1298): warning C4018: '<': signed/unsigned mismatch
c:\users\елена\documents\visual studio 2015\projects\diploma\neuronetdesigner\neuronetdesigner\Creator.h(1310): warning C4018: '<': signed/unsigned mismatch
c:\users\елена\documents\visual studio 2015\projects\diploma\neuronetdesigner\neuronetdesigner\Creator.h(1328): warning C4018: '<': signed/unsigned mismatch
c:\users\елена\documents\visual studio 2015\projects\diploma\neuronetdesigner\neuronetdesigner\Creator.h(1333): warning C4244: 'argument': conversion from 'double' to 'int', possible loss of data
c:\users\елена\documents\visual studio 2015\projects\diploma\neuronetdesigner\neuronetdesigner\Creator.h(1334): warning C4244: 'argument': conversion from 'double' to 'int', possible loss of data
c:\users\елена\documents\visual studio 2015\projects\diploma\neuronetdesigner\neuronetdesigner\Creator.h(1337): warning C4244: 'argument': conversion from 'double' to 'float', possible loss of data
c:\users\елена\documents\visual studio 2015\projects\diploma\neuronetdesigner\neuronetdesigner\Creator.h(1341): warning C4018: '<': signed/unsigned mismatch
c:\users\елена\documents\visual studio 2015\projects\diploma\neuronetdesigner\neuronetdesigner\Creator.h(1342): warning C4244: 'argument': conversion from 'double' to 'float', possible loss of data
c:\users\елена\documents\visual studio 2015\projects\diploma\neuronetdesigner\neuronetdesigner\Creator.h(1343): warning C4244: 'argument': conversion from 'double' to 'float', possible loss of data
c:\users\елена\documents\visual studio 2015\projects\diploma\neuronetdesigner\neuronetdesigner\Creator.h(1347): warning C4244: 'argument': conversion from 'double' to 'float', possible loss of data
c:\users\елена\documents\visual studio 2015\projects\diploma\neuronetdesigner\neuronetdesigner\Creator.h(1363): warning C4018: '<': signed/unsigned mismatch
c:\users\елена\documents\visual studio 2015\projects\diploma\neuronetdesigner\neuronetdesigner\Creator.h(1402): warning C4018: '<': signed/unsigned mismatch
c:\users\елена\documents\visual studio 2015\projects\diploma\neuronetdesigner\neuronetdesigner\Creator.h(1435): warning C4244: 'argument': conversion from 'double' to 'int', possible loss of data
c:\users\елена\documents\visual studio 2015\projects\diploma\neuronetdesigner\neuronetdesigner\Creator.h(1438): warning C4244: 'argument': conversion from 'double' to 'float', possible loss of data
c:\users\елена\documents\visual studio 2015\projects\diploma\neuronetdesigner\neuronetdesigner\Creator.h(1446): warning C4018: '<': signed/unsigned mismatch
c:\users\елена\documents\visual studio 2015\projects\diploma\neuronetdesigner\neuronetdesigner\Creator.h(1451): warning C4244: 'argument': conversion from 'double' to 'float', possible loss of data
c:\users\елена\documents\visual studio 2015\projects\diploma\neuronetdesigner\neuronetdesigner\Creator.h(1455): warning C4244: 'argument': conversion from 'double' to 'float', possible loss of data
c:\users\елена\documents\visual studio 2015\projects\diploma\neuronetdesigner\neuronetdesigner\Creator.h(1467): warning C4018: '<': signed/unsigned mismatch
c:\users\елена\documents\visual studio 2015\projects\diploma\neuronetdesigner\neuronetdesigner\Creator.h(1491): warning C4018: '<': signed/unsigned mismatch
c:\users\елена\documents\visual studio 2015\projects\diploma\neuronetdesigner\neuronetdesigner\Creator.h(1496): warning C4244: 'argument': conversion from 'double' to 'int', possible loss of data
c:\users\елена\documents\visual studio 2015\projects\diploma\neuronetdesigner\neuronetdesigner\Creator.h(1499): warning C4244: 'argument': conversion from 'double' to 'float', possible loss of data
c:\users\елена\documents\visual studio 2015\projects\diploma\neuronetdesigner\neuronetdesigner\Creator.h(1503): warning C4018: '<': signed/unsigned mismatch
c:\users\елена\documents\visual studio 2015\projects\diploma\neuronetdesigner\neuronetdesigner\Creator.h(1504): warning C4244: 'argument': conversion from 'double' to 'float', possible loss of data
c:\users\елена\documents\visual studio 2015\projects\diploma\neuronetdesigner\neuronetdesigner\Creator.h(1508): warning C4244: 'argument': conversion from 'double' to 'float', possible loss of data
c:\users\елена\documents\visual studio 2015\projects\diploma\neuronetdesigner\neuronetdesigner\Creator.h(1521): warning C4018: '<': signed/unsigned mismatch
c:\users\елена\documents\visual studio 2015\projects\diploma\neuronetdesigner\neuronetdesigner\Creator.h(1583): warning C4244: 'argument': conversion from 'double' to 'int', possible loss of data
c:\users\елена\documents\visual studio 2015\projects\diploma\neuronetdesigner\neuronetdesigner\Creator.h(1594): warning C4244: 'argument': conversion from 'double' to 'int', possible loss of data
c:\users\елена\documents\visual studio 2015\projects\diploma\neuronetdesigner\neuronetdesigner\Creator.h(1595): warning C4244: 'argument': conversion from 'double' to 'int', possible loss of data
c:\users\елена\documents\visual studio 2015\projects\diploma\neuronetdesigner\neuronetdesigner\Creator.h(1601): warning C4244: 'argument': conversion from 'double' to 'float', possible loss of data
c:\users\елена\documents\visual studio 2015\projects\diploma\neuronetdesigner\neuronetdesigner\Creator.h(1605): warning C4244: 'argument': conversion from 'double' to 'float', possible loss of data
c:\users\елена\documents\visual studio 2015\projects\diploma\neuronetdesigner\neuronetdesigner\Creator.h(1606): warning C4244: 'argument': conversion from 'double' to 'float', possible loss of data
c:\users\елена\documents\visual studio 2015\projects\diploma\neuronetdesigner\neuronetdesigner\Creator.h(1607): warning C4244: 'argument': conversion from 'double' to 'float', possible loss of data
c:\users\елена\documents\visual studio 2015\projects\diploma\neuronetdesigner\neuronetdesigner\Creator.h(1609): warning C4244: 'argument': conversion from 'double' to 'float', possible loss of data
c:\users\елена\documents\visual studio 2015\projects\diploma\neuronetdesigner\neuronetdesigner\Creator.h(1614): warning C4244: 'argument': conversion from 'double' to 'float', possible loss of data
c:\users\елена\documents\visual studio 2015\projects\diploma\neuronetdesigner\neuronetdesigner\Creator.h(1615): warning C4244: 'argument': conversion from 'double' to 'float', possible loss of data
c:\users\елена\documents\visual studio 2015\projects\diploma\neuronetdesigner\neuronetdesigner\Creator.h(1658): warning C4244: 'argument': conversion from 'double' to 'int', possible loss of data
c:\users\елена\documents\visual studio 2015\projects\diploma\neuronetdesigner\neuronetdesigner\Creator.h(1670): warning C4244: 'argument': conversion from 'double' to 'int', possible loss of data
c:\users\елена\documents\visual studio 2015\projects\diploma\neuronetdesigner\neuronetdesigner\Creator.h(1671): warning C4244: 'argument': conversion from 'double' to 'int', possible loss of data
c:\users\елена\documents\visual studio 2015\projects\diploma\neuronetdesigner\neuronetdesigner\Creator.h(1678): warning C4244: 'argument': conversion from 'double' to 'float', possible loss of data
c:\users\елена\documents\visual studio 2015\projects\diploma\neuronetdesigner\neuronetdesigner\Creator.h(1683): warning C4244: 'argument': conversion from 'double' to 'float', possible loss of data
c:\users\елена\documents\visual studio 2015\projects\diploma\neuronetdesigner\neuronetdesigner\Creator.h(1684): warning C4244: 'argument': conversion from 'double' to 'float', possible loss of data
c:\users\елена\documents\visual studio 2015\projects\diploma\neuronetdesigner\neuronetdesigner\Creator.h(1685): warning C4244: 'argument': conversion from 'double' to 'float', possible loss of data
c:\users\елена\documents\visual studio 2015\projects\diploma\neuronetdesigner\neuronetdesigner\Creator.h(1688): warning C4244: 'argument': conversion from 'double' to 'float', possible loss of data
c:\users\елена\documents\visual studio 2015\projects\diploma\neuronetdesigner\neuronetdesigner\Creator.h(1691): warning C4244: 'argument': conversion from 'double' to 'float', possible loss of data
c:\users\елена\documents\visual studio 2015\projects\diploma\neuronetdesigner\neuronetdesigner\Creator.h(1696): warning C4244: 'argument': conversion from 'double' to 'float', possible loss of data
c:\users\елена\documents\visual studio 2015\projects\diploma\neuronetdesigner\neuronetdesigner\Creator.h(1697): warning C4244: 'argument': conversion from 'double' to 'float', possible loss of data
c:\users\елена\documents\visual studio 2015\projects\diploma\neuronetdesigner\neuronetdesigner\Creator.h(1734): warning C4018: '<': signed/unsigned mismatch
c:\users\елена\documents\visual studio 2015\projects\diploma\neuronetdesigner\neuronetdesigner\Creator.h(1745): warning C4018: '<': signed/unsigned mismatch
c:\users\елена\documents\visual studio 2015\projects\diploma\neuronetdesigner\neuronetdesigner\Creator.h(1746): warning C4244: '=': conversion from 'double' to 'int', possible loss of data
c:\users\елена\documents\visual studio 2015\projects\diploma\neuronetdesigner\neuronetdesigner\Creator.h(1787): warning C4244: 'argument': conversion from 'double' to 'int', possible loss of data
c:\users\елена\documents\visual studio 2015\projects\diploma\neuronetdesigner\neuronetdesigner\Creator.h(1791): warning C4244: 'initializing': conversion from 'double' to 'int', possible loss of data
c:\users\елена\documents\visual studio 2015\projects\diploma\neuronetdesigner\neuronetdesigner\Creator.h(1798): warning C4244: 'argument': conversion from 'double' to 'int', possible loss of data
c:\users\елена\documents\visual studio 2015\projects\diploma\neuronetdesigner\neuronetdesigner\Creator.h(1801): warning C4244: 'argument': conversion from 'double' to 'float', possible loss of data
c:\users\елена\documents\visual studio 2015\projects\diploma\neuronetdesigner\neuronetdesigner\Creator.h(1804): warning C4244: 'argument': conversion from 'double' to 'float', possible loss of data
c:\users\елена\documents\visual studio 2015\projects\diploma\neuronetdesigner\neuronetdesigner\Creator.h(1805): warning C4244: '+=': conversion from 'double' to 'int', possible loss of data
c:\users\елена\documents\visual studio 2015\projects\diploma\neuronetdesigner\neuronetdesigner\Creator.h(1808): warning C4244: 'argument': conversion from 'double' to 'float', possible loss of data
c:\users\елена\documents\visual studio 2015\projects\diploma\neuronetdesigner\neuronetdesigner\Creator.h(1810): warning C4244: 'argument': conversion from 'double' to 'float', possible loss of data
c:\users\елена\documents\visual studio 2015\projects\diploma\neuronetdesigner\neuronetdesigner\Creator.h(1813): warning C4244: 'argument': conversion from 'double' to 'float', possible loss of data
c:\users\елена\documents\visual studio 2015\projects\diploma\neuronetdesigner\neuronetdesigner\Creator.h(1814): warning C4244: 'argument': conversion from 'double' to 'float', possible loss of data
c:\users\елена\documents\visual studio 2015\projects\diploma\neuronetdesigner\neuronetdesigner\Creator.h(1842): warning C4018: '<': signed/unsigned mismatch
c:\users\елена\documents\visual studio 2015\projects\diploma\neuronetdesigner\neuronetdesigner\Creator.h(1851): warning C4018: '<': signed/unsigned mismatch
c:\users\елена\documents\visual studio 2015\projects\diploma\neuronetdesigner\neuronetdesigner\Creator.h(1868): warning C4018: '<': signed/unsigned mismatch
c:\users\елена\documents\visual studio 2015\projects\diploma\neuronetdesigner\neuronetdesigner\Creator.h(1876): warning C4018: '<': signed/unsigned mismatch
c:\users\елена\documents\visual studio 2015\projects\diploma\neuronetdesigner\neuronetdesigner\Creator.h(1899): warning C4244: 'argument': conversion from 'double' to 'int', possible loss of data
c:\users\елена\documents\visual studio 2015\projects\diploma\neuronetdesigner\neuronetdesigner\Creator.h(1903): warning C4244: 'argument': conversion from 'double' to 'float', possible loss of data
c:\users\елена\documents\visual studio 2015\projects\diploma\neuronetdesigner\neuronetdesigner\Creator.h(1905): warning C4244: 'argument': conversion from 'double' to 'float', possible loss of data
c:\users\елена\documents\visual studio 2015\projects\diploma\neuronetdesigner\neuronetdesigner\Creator.h(1908): warning C4244: 'argument': conversion from 'double' to 'float', possible loss of data
c:\users\елена\documents\visual studio 2015\projects\diploma\neuronetdesigner\neuronetdesigner\Creator.h(1909): warning C4244: 'argument': conversion from 'double' to 'float', possible loss of data
c:\users\елена\documents\visual studio 2015\projects\diploma\neuronetdesigner\neuronetdesigner\Creator.h(1923): warning C4018: '<': signed/unsigned mismatch
c:\users\елена\documents\visual studio 2015\projects\diploma\neuronetdesigner\neuronetdesigner\Creator.h(1936): warning C4018: '<': signed/unsigned mismatch
c:\users\елена\documents\visual studio 2015\projects\diploma\neuronetdesigner\neuronetdesigner\Creator.h(1946): warning C4018: '<': signed/unsigned mismatch
c:\users\елена\documents\visual studio 2015\projects\diploma\neuronetdesigner\neuronetdesigner\Creator.h(1979): warning C4018: '<': signed/unsigned mismatch
c:\users\елена\documents\visual studio 2015\projects\diploma\neuronetdesigner\neuronetdesigner\Creator.h(2000): warning C4018: '<': signed/unsigned mismatch
c:\users\елена\documents\visual studio 2015\projects\diploma\neuronetdesigner\neuronetdesigner\Creator.h(2017): warning C4018: '<': signed/unsigned mismatch
c:\users\елена\documents\visual studio 2015\projects\diploma\neuronetdesigner\neuronetdesigner\Creator.h(2026): warning C4018: '<': signed/unsigned mismatch
c:\users\елена\documents\visual studio 2015\projects\diploma\neuronetdesigner\neuronetdesigner\Creator.h(2036): warning C4018: '<': signed/unsigned mismatch
c:\users\елена\documents\visual studio 2015\projects\diploma\neuronetdesigner\neuronetdesigner\Creator.h(2043): warning C4018: '<': signed/unsigned mismatch
c:\users\елена\documents\visual studio 2015\projects\diploma\neuronetdesigner\neuronetdesigner\Creator.h(2059): warning C4018: '<': signed/unsigned mismatch
c:\users\елена\documents\visual studio 2015\projects\diploma\neuronetdesigner\neuronetdesigner\Creator.h(2072): warning C4018: '<': signed/unsigned mismatch
c:\users\елена\documents\visual studio 2015\projects\diploma\neuronetdesigner\neuronetdesigner\Creator.h(2079): warning C4018: '<': signed/unsigned mismatch
c:\users\елена\documents\visual studio 2015\projects\diploma\neuronetdesigner\neuronetdesigner\Creator.h(2081): warning C4018: '<': signed/unsigned mismatch
c:\users\елена\documents\visual studio 2015\projects\diploma\neuronetdesigner\neuronetdesigner\Creator.h(2143): warning C4244: 'initializing': conversion from 'double' to 'int', possible loss of data
c:\users\елена\documents\visual studio 2015\projects\diploma\neuronetdesigner\neuronetdesigner\Creator.h(2159): warning C4244: 'initializing': conversion from 'double' to 'int', possible loss of data
c:\users\елена\documents\visual studio 2015\projects\diploma\neuronetdesigner\neuronetdesigner\Creator.h(2185): warning C4018: '<': signed/unsigned mismatch
c:\users\елена\documents\visual studio 2015\projects\diploma\neuronetdesigner\neuronetdesigner\Creator.h(2190): warning C4244: 'argument': conversion from 'double' to 'int', possible loss of data
c:\users\елена\documents\visual studio 2015\projects\diploma\neuronetdesigner\neuronetdesigner\Creator.h(2193): warning C4018: '<': signed/unsigned mismatch
c:\users\елена\documents\visual studio 2015\projects\diploma\neuronetdesigner\neuronetdesigner\Creator.h(2194): warning C4244: 'argument': conversion from 'double' to 'float', possible loss of data
c:\users\елена\documents\visual studio 2015\projects\diploma\neuronetdesigner\neuronetdesigner\Creator.h(2218): warning C4018: '<': signed/unsigned mismatch
c:\users\елена\documents\visual studio 2015\projects\diploma\neuronetdesigner\neuronetdesigner\Creator.h(2225): warning C4244: 'argument': conversion from 'double' to 'float', possible loss of data
c:\users\елена\documents\visual studio 2015\projects\diploma\neuronetdesigner\neuronetdesigner\Creator.h(2227): warning C4244: 'argument': conversion from 'double' to 'float', possible loss of data
c:\users\елена\documents\visual studio 2015\projects\diploma\neuronetdesigner\neuronetdesigner\NeuroNetEditor.h(788): warning C4018: '<': signed/unsigned mismatch
c:\users\елена\documents\visual studio 2015\projects\diploma\neuronetdesigner\neuronetdesigner\NeuroNetEditor.h(795): warning C4018: '<': signed/unsigned mismatch
c:\users\елена\documents\visual studio 2015\projects\diploma\neuronetdesigner\neuronetdesigner\NeuroNetEditor.h(833): warning C4018: '<': signed/unsigned mismatch
c:\users\елена\documents\visual studio 2015\projects\diploma\neuronetdesigner\neuronetdesigner\NeuroNetEditor.h(841): warning C4018: '<': signed/unsigned mismatch
c:\users\елена\documents\visual studio 2015\projects\diploma\neuronetdesigner\neuronetdesigner\NeuroNetEditor.h(891): warning C4018: '<': signed/unsigned mismatch
c:\users\елена\documents\visual studio 2015\projects\diploma\neuronetdesigner\neuronetdesigner\NeuroNetEditor.h(1027): warning C4018: '<': signed/unsigned mismatch
c:\users\елена\documents\visual studio 2015\projects\diploma\neuronetdesigner\neuronetdesigner\NeuroNetEditor.h(1095): warning C4018: '<': signed/unsigned mismatch
c:\users\елена\documents\visual studio 2015\projects\diploma\neuronetdesigner\neuronetdesigner\NeuroNetEditor.h(1144): warning C4018: '<': signed/unsigned mismatch
c:\users\елена\documents\visual studio 2015\projects\diploma\neuronetdesigner\neuronetdesigner\MainForm.h(81): warning C4018: '<': signed/unsigned mismatch
c:\users\елена\documents\visual studio 2015\projects\diploma\neuronetdesigner\neuronetdesigner\MainForm.h(174): warning C4018: '<': signed/unsigned mismatch
c:\users\елена\documents\visual studio 2015\projects\diploma\neuronetdesigner\neuronetdesigner\MainForm.h(215): warning C4018: '<': signed/unsigned mismatch
c:\users\елена\documents\visual studio 2015\projects\diploma\neuronetdesigner\neuronetdesigner\MainForm.h(224): warning C4018: '<': signed/unsigned mismatch
c:\users\елена\documents\visual studio 2015\projects\diploma\neuronetdesigner\neuronetdesigner\MainForm.h(233): warning C4018: '<': signed/unsigned mismatch
c:\users\елена\documents\visual studio 2015\projects\diploma\neuronetdesigner\neuronetdesigner\MainForm.h(249): warning C4018: '<': signed/unsigned mismatch
c:\users\елена\documents\visual studio 2015\projects\diploma\neuronetdesigner\neuronetdesigner\MainForm.h(258): warning C4018: '<': signed/unsigned mismatch
c:\users\елена\documents\visual studio 2015\projects\diploma\neuronetdesigner\neuronetdesigner\MainForm.h(267): warning C4018: '<': signed/unsigned mismatch
c:\users\елена\documents\visual studio 2015\projects\diploma\neuronetdesigner\neuronetdesigner\MainForm.h(271): warning C4018: '<': signed/unsigned mismatch
c:\users\елена\documents\visual studio 2015\projects\diploma\neuronetdesigner\neuronetdesigner\MainForm.h(1138): warning C4018: '<': signed/unsigned mismatch
c:\users\елена\documents\visual studio 2015\projects\diploma\neuronetdesigner\neuronetdesigner\MainForm.h(1164): warning C4018: '<': signed/unsigned mismatch
c:\users\елена\documents\visual studio 2015\projects\diploma\neuronetdesigner\neuronetdesigner\MainForm.h(1179): warning C4018: '<': signed/unsigned mismatch
c:\users\елена\documents\visual studio 2015\projects\diploma\neuronetdesigner\neuronetdesigner\MainForm.h(1200): warning C4018: '<': signed/unsigned mismatch
c:\users\елена\documents\visual studio 2015\projects\diploma\neuronetdesigner\neuronetdesigner\MainForm.h(1301): warning C4018: '<': signed/unsigned mismatch
c:\users\елена\documents\visual studio 2015\projects\diploma\neuronetdesigner\neuronetdesigner\MainForm.h(1404): warning C4018: '<': signed/unsigned mismatch
c:\users\елена\documents\visual studio 2015\projects\diploma\neuronetdesigner\neuronetdesigner\MainForm.h(1423): warning C4018: '<': signed/unsigned mismatch
  NeuroNetDesigner.vcxproj -> C:\Users\Елена\Documents\Visual Studio 2015\Projects\Diploma\NeuroNetDesigner\Release\NeuroNetDesigner.exe
  NeuroNetDesigner.vcxproj -> C:\Users\Елена\Documents\Visual Studio 2015\Projects\Diploma\NeuroNetDesigner\Release\NeuroNetDesigner.pdb (Full PDB)
