c:\users\елена\documents\visual studio 2015\projects\neuronetdesigner\neuronetdesigner\debug\vc140.pdb
c:\users\елена\documents\visual studio 2015\projects\neuronetdesigner\neuronetdesigner\debug\creator.obj
c:\users\елена\documents\visual studio 2015\projects\neuronetdesigner\neuronetdesigner\debug\.netframework,version=v4.5.2.assemblyattributes.obj
c:\users\елена\documents\visual studio 2015\projects\neuronetdesigner\neuronetdesigner\debug\.netframework,version=v4.5.2.assemblyattributes.asm
c:\users\елена\documents\visual studio 2015\projects\neuronetdesigner\neuronetdesigner\debug\neuroneteditor.obj
c:\users\елена\documents\visual studio 2015\projects\neuronetdesigner\neuronetdesigner\debug\mainform.obj
c:\users\елена\documents\visual studio 2015\projects\neuronetdesigner\neuronetdesigner\debug\neuronetdesigner.creator.resources
c:\users\елена\documents\visual studio 2015\projects\neuronetdesigner\neuronetdesigner\debug\neuronetdesigner.mainform.resources
c:\users\елена\documents\visual studio 2015\projects\neuronetdesigner\neuronetdesigner\debug\neuronetdesigner.neuroneteditor.resources
c:\users\елена\documents\visual studio 2015\projects\neuronetdesigner\neuronetdesigner\debug\neuronetdesigner.vcxproj.generateresource.cache
c:\users\елена\documents\visual studio 2015\projects\neuronetdesigner\debug\neuronetdesigner.pdb
c:\users\елена\documents\visual studio 2015\projects\neuronetdesigner\neuronetdesigner\debug\neuronetdesigner.tlog\cl.command.1.tlog
c:\users\елена\documents\visual studio 2015\projects\neuronetdesigner\neuronetdesigner\debug\neuronetdesigner.tlog\cl.read.1.tlog
c:\users\елена\documents\visual studio 2015\projects\neuronetdesigner\neuronetdesigner\debug\neuronetdesigner.tlog\cl.write.1.tlog
c:\users\елена\documents\visual studio 2015\projects\neuronetdesigner\neuronetdesigner\debug\neuronetdesigner.tlog\link.10464.12996-cvtres.read.1.tlog
c:\users\елена\documents\visual studio 2015\projects\neuronetdesigner\neuronetdesigner\debug\neuronetdesigner.tlog\link.10464.12996-cvtres.write.1.tlog
c:\users\елена\documents\visual studio 2015\projects\neuronetdesigner\neuronetdesigner\debug\neuronetdesigner.tlog\link.10464.12996-rc.read.1.tlog
c:\users\елена\documents\visual studio 2015\projects\neuronetdesigner\neuronetdesigner\debug\neuronetdesigner.tlog\link.10464.12996-rc.write.1.tlog
c:\users\елена\documents\visual studio 2015\projects\neuronetdesigner\neuronetdesigner\debug\neuronetdesigner.tlog\link.10464.12996.read.1.tlog
c:\users\елена\documents\visual studio 2015\projects\neuronetdesigner\neuronetdesigner\debug\neuronetdesigner.tlog\link.10464.12996.write.1.tlog
c:\users\елена\documents\visual studio 2015\projects\neuronetdesigner\neuronetdesigner\debug\neuronetdesigner.tlog\link.10464.read.1.tlog
c:\users\елена\documents\visual studio 2015\projects\neuronetdesigner\neuronetdesigner\debug\neuronetdesigner.tlog\link.10464.write.1.tlog
c:\users\елена\documents\visual studio 2015\projects\neuronetdesigner\neuronetdesigner\debug\neuronetdesigner.tlog\link.12504.16892-cvtres.read.1.tlog
c:\users\елена\documents\visual studio 2015\projects\neuronetdesigner\neuronetdesigner\debug\neuronetdesigner.tlog\link.12504.16892-cvtres.write.1.tlog
c:\users\елена\documents\visual studio 2015\projects\neuronetdesigner\neuronetdesigner\debug\neuronetdesigner.tlog\link.12504.16892-rc.read.1.tlog
c:\users\елена\documents\visual studio 2015\projects\neuronetdesigner\neuronetdesigner\debug\neuronetdesigner.tlog\link.12504.16892-rc.write.1.tlog
c:\users\елена\documents\visual studio 2015\projects\neuronetdesigner\neuronetdesigner\debug\neuronetdesigner.tlog\link.12504.16892.read.1.tlog
c:\users\елена\documents\visual studio 2015\projects\neuronetdesigner\neuronetdesigner\debug\neuronetdesigner.tlog\link.12504.16892.write.1.tlog
c:\users\елена\documents\visual studio 2015\projects\neuronetdesigner\neuronetdesigner\debug\neuronetdesigner.tlog\link.12504.read.1.tlog
c:\users\елена\documents\visual studio 2015\projects\neuronetdesigner\neuronetdesigner\debug\neuronetdesigner.tlog\link.12504.write.1.tlog
c:\users\елена\documents\visual studio 2015\projects\neuronetdesigner\neuronetdesigner\debug\neuronetdesigner.tlog\link.2964.8860-cvtres.read.1.tlog
c:\users\елена\documents\visual studio 2015\projects\neuronetdesigner\neuronetdesigner\debug\neuronetdesigner.tlog\link.2964.8860-cvtres.write.1.tlog
c:\users\елена\documents\visual studio 2015\projects\neuronetdesigner\neuronetdesigner\debug\neuronetdesigner.tlog\link.2964.8860-rc.read.1.tlog
c:\users\елена\documents\visual studio 2015\projects\neuronetdesigner\neuronetdesigner\debug\neuronetdesigner.tlog\link.2964.8860-rc.write.1.tlog
c:\users\елена\documents\visual studio 2015\projects\neuronetdesigner\neuronetdesigner\debug\neuronetdesigner.tlog\link.2964.8860.read.1.tlog
c:\users\елена\documents\visual studio 2015\projects\neuronetdesigner\neuronetdesigner\debug\neuronetdesigner.tlog\link.2964.8860.write.1.tlog
c:\users\елена\documents\visual studio 2015\projects\neuronetdesigner\neuronetdesigner\debug\neuronetdesigner.tlog\link.2964.read.1.tlog
c:\users\елена\documents\visual studio 2015\projects\neuronetdesigner\neuronetdesigner\debug\neuronetdesigner.tlog\link.2964.write.1.tlog
c:\users\елена\documents\visual studio 2015\projects\neuronetdesigner\neuronetdesigner\debug\neuronetdesigner.tlog\link.9104.12540-cvtres.read.1.tlog
c:\users\елена\documents\visual studio 2015\projects\neuronetdesigner\neuronetdesigner\debug\neuronetdesigner.tlog\link.9104.12540-cvtres.write.1.tlog
c:\users\елена\documents\visual studio 2015\projects\neuronetdesigner\neuronetdesigner\debug\neuronetdesigner.tlog\link.9104.12540-rc.read.1.tlog
c:\users\елена\documents\visual studio 2015\projects\neuronetdesigner\neuronetdesigner\debug\neuronetdesigner.tlog\link.9104.12540-rc.write.1.tlog
c:\users\елена\documents\visual studio 2015\projects\neuronetdesigner\neuronetdesigner\debug\neuronetdesigner.tlog\link.9104.12540.read.1.tlog
c:\users\елена\documents\visual studio 2015\projects\neuronetdesigner\neuronetdesigner\debug\neuronetdesigner.tlog\link.9104.12540.write.1.tlog
c:\users\елена\documents\visual studio 2015\projects\neuronetdesigner\neuronetdesigner\debug\neuronetdesigner.tlog\link.9104.read.1.tlog
c:\users\елена\documents\visual studio 2015\projects\neuronetdesigner\neuronetdesigner\debug\neuronetdesigner.tlog\link.9104.write.1.tlog
c:\users\елена\documents\visual studio 2015\projects\neuronetdesigner\neuronetdesigner\debug\neuronetdesigner.tlog\link.9192.6608-cvtres.read.1.tlog
c:\users\елена\documents\visual studio 2015\projects\neuronetdesigner\neuronetdesigner\debug\neuronetdesigner.tlog\link.9192.6608-cvtres.write.1.tlog
c:\users\елена\documents\visual studio 2015\projects\neuronetdesigner\neuronetdesigner\debug\neuronetdesigner.tlog\link.9192.6608-rc.read.1.tlog
c:\users\елена\documents\visual studio 2015\projects\neuronetdesigner\neuronetdesigner\debug\neuronetdesigner.tlog\link.9192.6608-rc.write.1.tlog
c:\users\елена\documents\visual studio 2015\projects\neuronetdesigner\neuronetdesigner\debug\neuronetdesigner.tlog\link.9192.6608.read.1.tlog
c:\users\елена\documents\visual studio 2015\projects\neuronetdesigner\neuronetdesigner\debug\neuronetdesigner.tlog\link.9192.6608.write.1.tlog
c:\users\елена\documents\visual studio 2015\projects\neuronetdesigner\neuronetdesigner\debug\neuronetdesigner.tlog\link.9192.read.1.tlog
c:\users\елена\documents\visual studio 2015\projects\neuronetdesigner\neuronetdesigner\debug\neuronetdesigner.tlog\link.9192.write.1.tlog
c:\users\елена\documents\visual studio 2015\projects\neuronetdesigner\neuronetdesigner\debug\neuronetdesigner.tlog\link.command.1.tlog
c:\users\елена\documents\visual studio 2015\projects\neuronetdesigner\neuronetdesigner\debug\neuronetdesigner.tlog\link.read.1.tlog
c:\users\елена\documents\visual studio 2015\projects\neuronetdesigner\neuronetdesigner\debug\neuronetdesigner.tlog\link.write.1.tlog
c:\users\елена\documents\visual studio 2015\projects\neuronetdesigner\neuronetdesigner\debug\neuronetdesigner.tlog\metagen.read.1.tlog
c:\users\елена\documents\visual studio 2015\projects\neuronetdesigner\neuronetdesigner\debug\neuronetdesigner.tlog\metagen.write.1.tlog
c:\users\елена\documents\visual studio 2015\projects\neuronetdesigner\neuronetdesigner\debug\neuronetdesigner.tlog\neuronetdesigner.write.1u.tlog
c:\users\елена\documents\visual studio 2015\projects\neuronetdesigner\neuronetdesigner\debug\neuronetdesigner.tlog\tzres.dll.bi
