  Creator.cpp
c:\users\елена\documents\visual studio 2015\projects\diploma\neuronetdesigner\neuronetdesigner\Creator.h(937): warning C4018: '<': signed/unsigned mismatch
c:\users\елена\documents\visual studio 2015\projects\diploma\neuronetdesigner\neuronetdesigner\Creator.h(1045): warning C4018: '<': signed/unsigned mismatch
c:\users\елена\documents\visual studio 2015\projects\diploma\neuronetdesigner\neuronetdesigner\Creator.h(1058): warning C4244: '=': conversion from 'double' to 'int', possible loss of data
c:\users\елена\documents\visual studio 2015\projects\diploma\neuronetdesigner\neuronetdesigner\Creator.h(1070): warning C4244: 'argument': conversion from 'double' to 'int', possible loss of data
c:\users\елена\documents\visual studio 2015\projects\diploma\neuronetdesigner\neuronetdesigner\Creator.h(1079): warning C4018: '<': signed/unsigned mismatch
c:\users\елена\documents\visual studio 2015\projects\diploma\neuronetdesigner\neuronetdesigner\Creator.h(1090): warning C4244: 'argument': conversion from 'double' to 'float', possible loss of data
c:\users\елена\documents\visual studio 2015\projects\diploma\neuronetdesigner\neuronetdesigner\Creator.h(1104): warning C4018: '<': signed/unsigned mismatch
c:\users\елена\documents\visual studio 2015\projects\diploma\neuronetdesigner\neuronetdesigner\Creator.h(1120): warning C4244: 'argument': conversion from 'double' to 'int', possible loss of data
c:\users\елена\documents\visual studio 2015\projects\diploma\neuronetdesigner\neuronetdesigner\Creator.h(1170): warning C4018: '<': signed/unsigned mismatch
c:\users\елена\documents\visual studio 2015\projects\diploma\neuronetdesigner\neuronetdesigner\Creator.h(1190): warning C4018: '<': signed/unsigned mismatch
c:\users\елена\documents\visual studio 2015\projects\diploma\neuronetdesigner\neuronetdesigner\Creator.h(1202): warning C4018: '<': signed/unsigned mismatch
c:\users\елена\documents\visual studio 2015\projects\diploma\neuronetdesigner\neuronetdesigner\Creator.h(1220): warning C4018: '<': signed/unsigned mismatch
c:\users\елена\documents\visual studio 2015\projects\diploma\neuronetdesigner\neuronetdesigner\Creator.h(1225): warning C4244: 'argument': conversion from 'double' to 'int', possible loss of data
c:\users\елена\documents\visual studio 2015\projects\diploma\neuronetdesigner\neuronetdesigner\Creator.h(1226): warning C4244: 'argument': conversion from 'double' to 'int', possible loss of data
c:\users\елена\documents\visual studio 2015\projects\diploma\neuronetdesigner\neuronetdesigner\Creator.h(1229): warning C4244: 'argument': conversion from 'double' to 'float', possible loss of data
c:\users\елена\documents\visual studio 2015\projects\diploma\neuronetdesigner\neuronetdesigner\Creator.h(1233): warning C4018: '<': signed/unsigned mismatch
c:\users\елена\documents\visual studio 2015\projects\diploma\neuronetdesigner\neuronetdesigner\Creator.h(1234): warning C4244: 'argument': conversion from 'double' to 'float', possible loss of data
c:\users\елена\documents\visual studio 2015\projects\diploma\neuronetdesigner\neuronetdesigner\Creator.h(1235): warning C4244: 'argument': conversion from 'double' to 'float', possible loss of data
c:\users\елена\documents\visual studio 2015\projects\diploma\neuronetdesigner\neuronetdesigner\Creator.h(1239): warning C4244: 'argument': conversion from 'double' to 'float', possible loss of data
c:\users\елена\documents\visual studio 2015\projects\diploma\neuronetdesigner\neuronetdesigner\Creator.h(1255): warning C4018: '<': signed/unsigned mismatch
c:\users\елена\documents\visual studio 2015\projects\diploma\neuronetdesigner\neuronetdesigner\Creator.h(1294): warning C4018: '<': signed/unsigned mismatch
c:\users\елена\documents\visual studio 2015\projects\diploma\neuronetdesigner\neuronetdesigner\Creator.h(1327): warning C4244: 'argument': conversion from 'double' to 'int', possible loss of data
c:\users\елена\documents\visual studio 2015\projects\diploma\neuronetdesigner\neuronetdesigner\Creator.h(1330): warning C4244: 'argument': conversion from 'double' to 'float', possible loss of data
c:\users\елена\documents\visual studio 2015\projects\diploma\neuronetdesigner\neuronetdesigner\Creator.h(1338): warning C4018: '<': signed/unsigned mismatch
c:\users\елена\documents\visual studio 2015\projects\diploma\neuronetdesigner\neuronetdesigner\Creator.h(1343): warning C4244: 'argument': conversion from 'double' to 'float', possible loss of data
c:\users\елена\documents\visual studio 2015\projects\diploma\neuronetdesigner\neuronetdesigner\Creator.h(1347): warning C4244: 'argument': conversion from 'double' to 'float', possible loss of data
c:\users\елена\documents\visual studio 2015\projects\diploma\neuronetdesigner\neuronetdesigner\Creator.h(1359): warning C4018: '<': signed/unsigned mismatch
c:\users\елена\documents\visual studio 2015\projects\diploma\neuronetdesigner\neuronetdesigner\Creator.h(1383): warning C4018: '<': signed/unsigned mismatch
c:\users\елена\documents\visual studio 2015\projects\diploma\neuronetdesigner\neuronetdesigner\Creator.h(1388): warning C4244: 'argument': conversion from 'double' to 'int', possible loss of data
c:\users\елена\documents\visual studio 2015\projects\diploma\neuronetdesigner\neuronetdesigner\Creator.h(1391): warning C4244: 'argument': conversion from 'double' to 'float', possible loss of data
c:\users\елена\documents\visual studio 2015\projects\diploma\neuronetdesigner\neuronetdesigner\Creator.h(1395): warning C4018: '<': signed/unsigned mismatch
c:\users\елена\documents\visual studio 2015\projects\diploma\neuronetdesigner\neuronetdesigner\Creator.h(1396): warning C4244: 'argument': conversion from 'double' to 'float', possible loss of data
c:\users\елена\documents\visual studio 2015\projects\diploma\neuronetdesigner\neuronetdesigner\Creator.h(1400): warning C4244: 'argument': conversion from 'double' to 'float', possible loss of data
c:\users\елена\documents\visual studio 2015\projects\diploma\neuronetdesigner\neuronetdesigner\Creator.h(1413): warning C4018: '<': signed/unsigned mismatch
c:\users\елена\documents\visual studio 2015\projects\diploma\neuronetdesigner\neuronetdesigner\Creator.h(1469): warning C4244: 'argument': conversion from 'double' to 'int', possible loss of data
c:\users\елена\documents\visual studio 2015\projects\diploma\neuronetdesigner\neuronetdesigner\Creator.h(1480): warning C4244: 'argument': conversion from 'double' to 'int', possible loss of data
c:\users\елена\documents\visual studio 2015\projects\diploma\neuronetdesigner\neuronetdesigner\Creator.h(1481): warning C4244: 'argument': conversion from 'double' to 'int', possible loss of data
c:\users\елена\documents\visual studio 2015\projects\diploma\neuronetdesigner\neuronetdesigner\Creator.h(1487): warning C4244: 'argument': conversion from 'double' to 'float', possible loss of data
c:\users\елена\documents\visual studio 2015\projects\diploma\neuronetdesigner\neuronetdesigner\Creator.h(1491): warning C4244: 'argument': conversion from 'double' to 'float', possible loss of data
c:\users\елена\documents\visual studio 2015\projects\diploma\neuronetdesigner\neuronetdesigner\Creator.h(1492): warning C4244: 'argument': conversion from 'double' to 'float', possible loss of data
c:\users\елена\documents\visual studio 2015\projects\diploma\neuronetdesigner\neuronetdesigner\Creator.h(1493): warning C4244: 'argument': conversion from 'double' to 'float', possible loss of data
c:\users\елена\documents\visual studio 2015\projects\diploma\neuronetdesigner\neuronetdesigner\Creator.h(1495): warning C4244: 'argument': conversion from 'double' to 'float', possible loss of data
c:\users\елена\documents\visual studio 2015\projects\diploma\neuronetdesigner\neuronetdesigner\Creator.h(1500): warning C4244: 'argument': conversion from 'double' to 'float', possible loss of data
c:\users\елена\documents\visual studio 2015\projects\diploma\neuronetdesigner\neuronetdesigner\Creator.h(1501): warning C4244: 'argument': conversion from 'double' to 'float', possible loss of data
c:\users\елена\documents\visual studio 2015\projects\diploma\neuronetdesigner\neuronetdesigner\Creator.h(1544): warning C4244: 'argument': conversion from 'double' to 'int', possible loss of data
c:\users\елена\documents\visual studio 2015\projects\diploma\neuronetdesigner\neuronetdesigner\Creator.h(1556): warning C4244: 'argument': conversion from 'double' to 'int', possible loss of data
c:\users\елена\documents\visual studio 2015\projects\diploma\neuronetdesigner\neuronetdesigner\Creator.h(1557): warning C4244: 'argument': conversion from 'double' to 'int', possible loss of data
c:\users\елена\documents\visual studio 2015\projects\diploma\neuronetdesigner\neuronetdesigner\Creator.h(1564): warning C4244: 'argument': conversion from 'double' to 'float', possible loss of data
c:\users\елена\documents\visual studio 2015\projects\diploma\neuronetdesigner\neuronetdesigner\Creator.h(1569): warning C4244: 'argument': conversion from 'double' to 'float', possible loss of data
c:\users\елена\documents\visual studio 2015\projects\diploma\neuronetdesigner\neuronetdesigner\Creator.h(1570): warning C4244: 'argument': conversion from 'double' to 'float', possible loss of data
c:\users\елена\documents\visual studio 2015\projects\diploma\neuronetdesigner\neuronetdesigner\Creator.h(1571): warning C4244: 'argument': conversion from 'double' to 'float', possible loss of data
c:\users\елена\documents\visual studio 2015\projects\diploma\neuronetdesigner\neuronetdesigner\Creator.h(1574): warning C4244: 'argument': conversion from 'double' to 'float', possible loss of data
c:\users\елена\documents\visual studio 2015\projects\diploma\neuronetdesigner\neuronetdesigner\Creator.h(1577): warning C4244: 'argument': conversion from 'double' to 'float', possible loss of data
c:\users\елена\documents\visual studio 2015\projects\diploma\neuronetdesigner\neuronetdesigner\Creator.h(1582): warning C4244: 'argument': conversion from 'double' to 'float', possible loss of data
c:\users\елена\documents\visual studio 2015\projects\diploma\neuronetdesigner\neuronetdesigner\Creator.h(1583): warning C4244: 'argument': conversion from 'double' to 'float', possible loss of data
c:\users\елена\documents\visual studio 2015\projects\diploma\neuronetdesigner\neuronetdesigner\Creator.h(1620): warning C4018: '<': signed/unsigned mismatch
c:\users\елена\documents\visual studio 2015\projects\diploma\neuronetdesigner\neuronetdesigner\Creator.h(1631): warning C4018: '<': signed/unsigned mismatch
c:\users\елена\documents\visual studio 2015\projects\diploma\neuronetdesigner\neuronetdesigner\Creator.h(1632): warning C4244: '=': conversion from 'double' to 'int', possible loss of data
c:\users\елена\documents\visual studio 2015\projects\diploma\neuronetdesigner\neuronetdesigner\Creator.h(1673): warning C4244: 'argument': conversion from 'double' to 'int', possible loss of data
c:\users\елена\documents\visual studio 2015\projects\diploma\neuronetdesigner\neuronetdesigner\Creator.h(1677): warning C4244: 'initializing': conversion from 'double' to 'int', possible loss of data
c:\users\елена\documents\visual studio 2015\projects\diploma\neuronetdesigner\neuronetdesigner\Creator.h(1684): warning C4244: 'argument': conversion from 'double' to 'int', possible loss of data
c:\users\елена\documents\visual studio 2015\projects\diploma\neuronetdesigner\neuronetdesigner\Creator.h(1687): warning C4244: 'argument': conversion from 'double' to 'float', possible loss of data
c:\users\елена\documents\visual studio 2015\projects\diploma\neuronetdesigner\neuronetdesigner\Creator.h(1690): warning C4244: 'argument': conversion from 'double' to 'float', possible loss of data
c:\users\елена\documents\visual studio 2015\projects\diploma\neuronetdesigner\neuronetdesigner\Creator.h(1691): warning C4244: '+=': conversion from 'double' to 'int', possible loss of data
c:\users\елена\documents\visual studio 2015\projects\diploma\neuronetdesigner\neuronetdesigner\Creator.h(1694): warning C4244: 'argument': conversion from 'double' to 'float', possible loss of data
c:\users\елена\documents\visual studio 2015\projects\diploma\neuronetdesigner\neuronetdesigner\Creator.h(1696): warning C4244: 'argument': conversion from 'double' to 'float', possible loss of data
c:\users\елена\documents\visual studio 2015\projects\diploma\neuronetdesigner\neuronetdesigner\Creator.h(1699): warning C4244: 'argument': conversion from 'double' to 'float', possible loss of data
c:\users\елена\documents\visual studio 2015\projects\diploma\neuronetdesigner\neuronetdesigner\Creator.h(1700): warning C4244: 'argument': conversion from 'double' to 'float', possible loss of data
c:\users\елена\documents\visual studio 2015\projects\diploma\neuronetdesigner\neuronetdesigner\Creator.h(1728): warning C4018: '<': signed/unsigned mismatch
c:\users\елена\documents\visual studio 2015\projects\diploma\neuronetdesigner\neuronetdesigner\Creator.h(1737): warning C4018: '<': signed/unsigned mismatch
c:\users\елена\documents\visual studio 2015\projects\diploma\neuronetdesigner\neuronetdesigner\Creator.h(1754): warning C4018: '<': signed/unsigned mismatch
c:\users\елена\documents\visual studio 2015\projects\diploma\neuronetdesigner\neuronetdesigner\Creator.h(1762): warning C4018: '<': signed/unsigned mismatch
c:\users\елена\documents\visual studio 2015\projects\diploma\neuronetdesigner\neuronetdesigner\Creator.h(1785): warning C4244: 'argument': conversion from 'double' to 'int', possible loss of data
c:\users\елена\documents\visual studio 2015\projects\diploma\neuronetdesigner\neuronetdesigner\Creator.h(1789): warning C4244: 'argument': conversion from 'double' to 'float', possible loss of data
c:\users\елена\documents\visual studio 2015\projects\diploma\neuronetdesigner\neuronetdesigner\Creator.h(1791): warning C4244: 'argument': conversion from 'double' to 'float', possible loss of data
c:\users\елена\documents\visual studio 2015\projects\diploma\neuronetdesigner\neuronetdesigner\Creator.h(1794): warning C4244: 'argument': conversion from 'double' to 'float', possible loss of data
c:\users\елена\documents\visual studio 2015\projects\diploma\neuronetdesigner\neuronetdesigner\Creator.h(1795): warning C4244: 'argument': conversion from 'double' to 'float', possible loss of data
c:\users\елена\documents\visual studio 2015\projects\diploma\neuronetdesigner\neuronetdesigner\Creator.h(1809): warning C4018: '<': signed/unsigned mismatch
c:\users\елена\documents\visual studio 2015\projects\diploma\neuronetdesigner\neuronetdesigner\Creator.h(1822): warning C4018: '<': signed/unsigned mismatch
c:\users\елена\documents\visual studio 2015\projects\diploma\neuronetdesigner\neuronetdesigner\Creator.h(1832): warning C4018: '<': signed/unsigned mismatch
c:\users\елена\documents\visual studio 2015\projects\diploma\neuronetdesigner\neuronetdesigner\Creator.h(1860): warning C4018: '<': signed/unsigned mismatch
c:\users\елена\documents\visual studio 2015\projects\diploma\neuronetdesigner\neuronetdesigner\Creator.h(1865): warning C4244: 'argument': conversion from 'double' to 'int', possible loss of data
c:\users\елена\documents\visual studio 2015\projects\diploma\neuronetdesigner\neuronetdesigner\Creator.h(1868): warning C4018: '<': signed/unsigned mismatch
c:\users\елена\documents\visual studio 2015\projects\diploma\neuronetdesigner\neuronetdesigner\Creator.h(1869): warning C4244: 'argument': conversion from 'double' to 'float', possible loss of data
c:\users\елена\documents\visual studio 2015\projects\diploma\neuronetdesigner\neuronetdesigner\Creator.h(1893): warning C4018: '<': signed/unsigned mismatch
c:\users\елена\documents\visual studio 2015\projects\diploma\neuronetdesigner\neuronetdesigner\Creator.h(1910): warning C4018: '<': signed/unsigned mismatch
c:\users\елена\documents\visual studio 2015\projects\diploma\neuronetdesigner\neuronetdesigner\Creator.h(1919): warning C4018: '<': signed/unsigned mismatch
c:\users\елена\documents\visual studio 2015\projects\diploma\neuronetdesigner\neuronetdesigner\Creator.h(1929): warning C4018: '<': signed/unsigned mismatch
c:\users\елена\documents\visual studio 2015\projects\diploma\neuronetdesigner\neuronetdesigner\Creator.h(1936): warning C4018: '<': signed/unsigned mismatch
c:\users\елена\documents\visual studio 2015\projects\diploma\neuronetdesigner\neuronetdesigner\Creator.h(1952): warning C4018: '<': signed/unsigned mismatch
c:\users\елена\documents\visual studio 2015\projects\diploma\neuronetdesigner\neuronetdesigner\Creator.h(1965): warning C4018: '<': signed/unsigned mismatch
c:\users\елена\documents\visual studio 2015\projects\diploma\neuronetdesigner\neuronetdesigner\Creator.h(1972): warning C4018: '<': signed/unsigned mismatch
c:\users\елена\documents\visual studio 2015\projects\diploma\neuronetdesigner\neuronetdesigner\Creator.h(1974): warning C4018: '<': signed/unsigned mismatch
  MainForm.cpp
c:\users\елена\documents\visual studio 2015\projects\diploma\neuronetdesigner\neuronetdesigner\Creator.h(937): warning C4018: '<': signed/unsigned mismatch
c:\users\елена\documents\visual studio 2015\projects\diploma\neuronetdesigner\neuronetdesigner\Creator.h(1045): warning C4018: '<': signed/unsigned mismatch
c:\users\елена\documents\visual studio 2015\projects\diploma\neuronetdesigner\neuronetdesigner\Creator.h(1058): warning C4244: '=': conversion from 'double' to 'int', possible loss of data
c:\users\елена\documents\visual studio 2015\projects\diploma\neuronetdesigner\neuronetdesigner\Creator.h(1070): warning C4244: 'argument': conversion from 'double' to 'int', possible loss of data
c:\users\елена\documents\visual studio 2015\projects\diploma\neuronetdesigner\neuronetdesigner\Creator.h(1079): warning C4018: '<': signed/unsigned mismatch
c:\users\елена\documents\visual studio 2015\projects\diploma\neuronetdesigner\neuronetdesigner\Creator.h(1090): warning C4244: 'argument': conversion from 'double' to 'float', possible loss of data
c:\users\елена\documents\visual studio 2015\projects\diploma\neuronetdesigner\neuronetdesigner\Creator.h(1104): warning C4018: '<': signed/unsigned mismatch
c:\users\елена\documents\visual studio 2015\projects\diploma\neuronetdesigner\neuronetdesigner\Creator.h(1120): warning C4244: 'argument': conversion from 'double' to 'int', possible loss of data
c:\users\елена\documents\visual studio 2015\projects\diploma\neuronetdesigner\neuronetdesigner\Creator.h(1170): warning C4018: '<': signed/unsigned mismatch
c:\users\елена\documents\visual studio 2015\projects\diploma\neuronetdesigner\neuronetdesigner\Creator.h(1190): warning C4018: '<': signed/unsigned mismatch
c:\users\елена\documents\visual studio 2015\projects\diploma\neuronetdesigner\neuronetdesigner\Creator.h(1202): warning C4018: '<': signed/unsigned mismatch
c:\users\елена\documents\visual studio 2015\projects\diploma\neuronetdesigner\neuronetdesigner\Creator.h(1220): warning C4018: '<': signed/unsigned mismatch
c:\users\елена\documents\visual studio 2015\projects\diploma\neuronetdesigner\neuronetdesigner\Creator.h(1225): warning C4244: 'argument': conversion from 'double' to 'int', possible loss of data
c:\users\елена\documents\visual studio 2015\projects\diploma\neuronetdesigner\neuronetdesigner\Creator.h(1226): warning C4244: 'argument': conversion from 'double' to 'int', possible loss of data
c:\users\елена\documents\visual studio 2015\projects\diploma\neuronetdesigner\neuronetdesigner\Creator.h(1229): warning C4244: 'argument': conversion from 'double' to 'float', possible loss of data
c:\users\елена\documents\visual studio 2015\projects\diploma\neuronetdesigner\neuronetdesigner\Creator.h(1233): warning C4018: '<': signed/unsigned mismatch
c:\users\елена\documents\visual studio 2015\projects\diploma\neuronetdesigner\neuronetdesigner\Creator.h(1234): warning C4244: 'argument': conversion from 'double' to 'float', possible loss of data
c:\users\елена\documents\visual studio 2015\projects\diploma\neuronetdesigner\neuronetdesigner\Creator.h(1235): warning C4244: 'argument': conversion from 'double' to 'float', possible loss of data
c:\users\елена\documents\visual studio 2015\projects\diploma\neuronetdesigner\neuronetdesigner\Creator.h(1239): warning C4244: 'argument': conversion from 'double' to 'float', possible loss of data
c:\users\елена\documents\visual studio 2015\projects\diploma\neuronetdesigner\neuronetdesigner\Creator.h(1255): warning C4018: '<': signed/unsigned mismatch
c:\users\елена\documents\visual studio 2015\projects\diploma\neuronetdesigner\neuronetdesigner\Creator.h(1294): warning C4018: '<': signed/unsigned mismatch
c:\users\елена\documents\visual studio 2015\projects\diploma\neuronetdesigner\neuronetdesigner\Creator.h(1327): warning C4244: 'argument': conversion from 'double' to 'int', possible loss of data
c:\users\елена\documents\visual studio 2015\projects\diploma\neuronetdesigner\neuronetdesigner\Creator.h(1330): warning C4244: 'argument': conversion from 'double' to 'float', possible loss of data
c:\users\елена\documents\visual studio 2015\projects\diploma\neuronetdesigner\neuronetdesigner\Creator.h(1338): warning C4018: '<': signed/unsigned mismatch
c:\users\елена\documents\visual studio 2015\projects\diploma\neuronetdesigner\neuronetdesigner\Creator.h(1343): warning C4244: 'argument': conversion from 'double' to 'float', possible loss of data
c:\users\елена\documents\visual studio 2015\projects\diploma\neuronetdesigner\neuronetdesigner\Creator.h(1347): warning C4244: 'argument': conversion from 'double' to 'float', possible loss of data
c:\users\елена\documents\visual studio 2015\projects\diploma\neuronetdesigner\neuronetdesigner\Creator.h(1359): warning C4018: '<': signed/unsigned mismatch
c:\users\елена\documents\visual studio 2015\projects\diploma\neuronetdesigner\neuronetdesigner\Creator.h(1383): warning C4018: '<': signed/unsigned mismatch
c:\users\елена\documents\visual studio 2015\projects\diploma\neuronetdesigner\neuronetdesigner\Creator.h(1388): warning C4244: 'argument': conversion from 'double' to 'int', possible loss of data
c:\users\елена\documents\visual studio 2015\projects\diploma\neuronetdesigner\neuronetdesigner\Creator.h(1391): warning C4244: 'argument': conversion from 'double' to 'float', possible loss of data
c:\users\елена\documents\visual studio 2015\projects\diploma\neuronetdesigner\neuronetdesigner\Creator.h(1395): warning C4018: '<': signed/unsigned mismatch
c:\users\елена\documents\visual studio 2015\projects\diploma\neuronetdesigner\neuronetdesigner\Creator.h(1396): warning C4244: 'argument': conversion from 'double' to 'float', possible loss of data
c:\users\елена\documents\visual studio 2015\projects\diploma\neuronetdesigner\neuronetdesigner\Creator.h(1400): warning C4244: 'argument': conversion from 'double' to 'float', possible loss of data
c:\users\елена\documents\visual studio 2015\projects\diploma\neuronetdesigner\neuronetdesigner\Creator.h(1413): warning C4018: '<': signed/unsigned mismatch
c:\users\елена\documents\visual studio 2015\projects\diploma\neuronetdesigner\neuronetdesigner\Creator.h(1469): warning C4244: 'argument': conversion from 'double' to 'int', possible loss of data
c:\users\елена\documents\visual studio 2015\projects\diploma\neuronetdesigner\neuronetdesigner\Creator.h(1480): warning C4244: 'argument': conversion from 'double' to 'int', possible loss of data
c:\users\елена\documents\visual studio 2015\projects\diploma\neuronetdesigner\neuronetdesigner\Creator.h(1481): warning C4244: 'argument': conversion from 'double' to 'int', possible loss of data
c:\users\елена\documents\visual studio 2015\projects\diploma\neuronetdesigner\neuronetdesigner\Creator.h(1487): warning C4244: 'argument': conversion from 'double' to 'float', possible loss of data
c:\users\елена\documents\visual studio 2015\projects\diploma\neuronetdesigner\neuronetdesigner\Creator.h(1491): warning C4244: 'argument': conversion from 'double' to 'float', possible loss of data
c:\users\елена\documents\visual studio 2015\projects\diploma\neuronetdesigner\neuronetdesigner\Creator.h(1492): warning C4244: 'argument': conversion from 'double' to 'float', possible loss of data
c:\users\елена\documents\visual studio 2015\projects\diploma\neuronetdesigner\neuronetdesigner\Creator.h(1493): warning C4244: 'argument': conversion from 'double' to 'float', possible loss of data
c:\users\елена\documents\visual studio 2015\projects\diploma\neuronetdesigner\neuronetdesigner\Creator.h(1495): warning C4244: 'argument': conversion from 'double' to 'float', possible loss of data
c:\users\елена\documents\visual studio 2015\projects\diploma\neuronetdesigner\neuronetdesigner\Creator.h(1500): warning C4244: 'argument': conversion from 'double' to 'float', possible loss of data
c:\users\елена\documents\visual studio 2015\projects\diploma\neuronetdesigner\neuronetdesigner\Creator.h(1501): warning C4244: 'argument': conversion from 'double' to 'float', possible loss of data
c:\users\елена\documents\visual studio 2015\projects\diploma\neuronetdesigner\neuronetdesigner\Creator.h(1544): warning C4244: 'argument': conversion from 'double' to 'int', possible loss of data
c:\users\елена\documents\visual studio 2015\projects\diploma\neuronetdesigner\neuronetdesigner\Creator.h(1556): warning C4244: 'argument': conversion from 'double' to 'int', possible loss of data
c:\users\елена\documents\visual studio 2015\projects\diploma\neuronetdesigner\neuronetdesigner\Creator.h(1557): warning C4244: 'argument': conversion from 'double' to 'int', possible loss of data
c:\users\елена\documents\visual studio 2015\projects\diploma\neuronetdesigner\neuronetdesigner\Creator.h(1564): warning C4244: 'argument': conversion from 'double' to 'float', possible loss of data
c:\users\елена\documents\visual studio 2015\projects\diploma\neuronetdesigner\neuronetdesigner\Creator.h(1569): warning C4244: 'argument': conversion from 'double' to 'float', possible loss of data
c:\users\елена\documents\visual studio 2015\projects\diploma\neuronetdesigner\neuronetdesigner\Creator.h(1570): warning C4244: 'argument': conversion from 'double' to 'float', possible loss of data
c:\users\елена\documents\visual studio 2015\projects\diploma\neuronetdesigner\neuronetdesigner\Creator.h(1571): warning C4244: 'argument': conversion from 'double' to 'float', possible loss of data
c:\users\елена\documents\visual studio 2015\projects\diploma\neuronetdesigner\neuronetdesigner\Creator.h(1574): warning C4244: 'argument': conversion from 'double' to 'float', possible loss of data
c:\users\елена\documents\visual studio 2015\projects\diploma\neuronetdesigner\neuronetdesigner\Creator.h(1577): warning C4244: 'argument': conversion from 'double' to 'float', possible loss of data
c:\users\елена\documents\visual studio 2015\projects\diploma\neuronetdesigner\neuronetdesigner\Creator.h(1582): warning C4244: 'argument': conversion from 'double' to 'float', possible loss of data
c:\users\елена\documents\visual studio 2015\projects\diploma\neuronetdesigner\neuronetdesigner\Creator.h(1583): warning C4244: 'argument': conversion from 'double' to 'float', possible loss of data
c:\users\елена\documents\visual studio 2015\projects\diploma\neuronetdesigner\neuronetdesigner\Creator.h(1620): warning C4018: '<': signed/unsigned mismatch
c:\users\елена\documents\visual studio 2015\projects\diploma\neuronetdesigner\neuronetdesigner\Creator.h(1631): warning C4018: '<': signed/unsigned mismatch
c:\users\елена\documents\visual studio 2015\projects\diploma\neuronetdesigner\neuronetdesigner\Creator.h(1632): warning C4244: '=': conversion from 'double' to 'int', possible loss of data
c:\users\елена\documents\visual studio 2015\projects\diploma\neuronetdesigner\neuronetdesigner\Creator.h(1673): warning C4244: 'argument': conversion from 'double' to 'int', possible loss of data
c:\users\елена\documents\visual studio 2015\projects\diploma\neuronetdesigner\neuronetdesigner\Creator.h(1677): warning C4244: 'initializing': conversion from 'double' to 'int', possible loss of data
c:\users\елена\documents\visual studio 2015\projects\diploma\neuronetdesigner\neuronetdesigner\Creator.h(1684): warning C4244: 'argument': conversion from 'double' to 'int', possible loss of data
c:\users\елена\documents\visual studio 2015\projects\diploma\neuronetdesigner\neuronetdesigner\Creator.h(1687): warning C4244: 'argument': conversion from 'double' to 'float', possible loss of data
c:\users\елена\documents\visual studio 2015\projects\diploma\neuronetdesigner\neuronetdesigner\Creator.h(1690): warning C4244: 'argument': conversion from 'double' to 'float', possible loss of data
c:\users\елена\documents\visual studio 2015\projects\diploma\neuronetdesigner\neuronetdesigner\Creator.h(1691): warning C4244: '+=': conversion from 'double' to 'int', possible loss of data
c:\users\елена\documents\visual studio 2015\projects\diploma\neuronetdesigner\neuronetdesigner\Creator.h(1694): warning C4244: 'argument': conversion from 'double' to 'float', possible loss of data
c:\users\елена\documents\visual studio 2015\projects\diploma\neuronetdesigner\neuronetdesigner\Creator.h(1696): warning C4244: 'argument': conversion from 'double' to 'float', possible loss of data
c:\users\елена\documents\visual studio 2015\projects\diploma\neuronetdesigner\neuronetdesigner\Creator.h(1699): warning C4244: 'argument': conversion from 'double' to 'float', possible loss of data
c:\users\елена\documents\visual studio 2015\projects\diploma\neuronetdesigner\neuronetdesigner\Creator.h(1700): warning C4244: 'argument': conversion from 'double' to 'float', possible loss of data
c:\users\елена\documents\visual studio 2015\projects\diploma\neuronetdesigner\neuronetdesigner\Creator.h(1728): warning C4018: '<': signed/unsigned mismatch
c:\users\елена\documents\visual studio 2015\projects\diploma\neuronetdesigner\neuronetdesigner\Creator.h(1737): warning C4018: '<': signed/unsigned mismatch
c:\users\елена\documents\visual studio 2015\projects\diploma\neuronetdesigner\neuronetdesigner\Creator.h(1754): warning C4018: '<': signed/unsigned mismatch
c:\users\елена\documents\visual studio 2015\projects\diploma\neuronetdesigner\neuronetdesigner\Creator.h(1762): warning C4018: '<': signed/unsigned mismatch
c:\users\елена\documents\visual studio 2015\projects\diploma\neuronetdesigner\neuronetdesigner\Creator.h(1785): warning C4244: 'argument': conversion from 'double' to 'int', possible loss of data
c:\users\елена\documents\visual studio 2015\projects\diploma\neuronetdesigner\neuronetdesigner\Creator.h(1789): warning C4244: 'argument': conversion from 'double' to 'float', possible loss of data
c:\users\елена\documents\visual studio 2015\projects\diploma\neuronetdesigner\neuronetdesigner\Creator.h(1791): warning C4244: 'argument': conversion from 'double' to 'float', possible loss of data
c:\users\елена\documents\visual studio 2015\projects\diploma\neuronetdesigner\neuronetdesigner\Creator.h(1794): warning C4244: 'argument': conversion from 'double' to 'float', possible loss of data
c:\users\елена\documents\visual studio 2015\projects\diploma\neuronetdesigner\neuronetdesigner\Creator.h(1795): warning C4244: 'argument': conversion from 'double' to 'float', possible loss of data
c:\users\елена\documents\visual studio 2015\projects\diploma\neuronetdesigner\neuronetdesigner\Creator.h(1809): warning C4018: '<': signed/unsigned mismatch
c:\users\елена\documents\visual studio 2015\projects\diploma\neuronetdesigner\neuronetdesigner\Creator.h(1822): warning C4018: '<': signed/unsigned mismatch
c:\users\елена\documents\visual studio 2015\projects\diploma\neuronetdesigner\neuronetdesigner\Creator.h(1832): warning C4018: '<': signed/unsigned mismatch
c:\users\елена\documents\visual studio 2015\projects\diploma\neuronetdesigner\neuronetdesigner\Creator.h(1860): warning C4018: '<': signed/unsigned mismatch
c:\users\елена\documents\visual studio 2015\projects\diploma\neuronetdesigner\neuronetdesigner\Creator.h(1865): warning C4244: 'argument': conversion from 'double' to 'int', possible loss of data
c:\users\елена\documents\visual studio 2015\projects\diploma\neuronetdesigner\neuronetdesigner\Creator.h(1868): warning C4018: '<': signed/unsigned mismatch
c:\users\елена\documents\visual studio 2015\projects\diploma\neuronetdesigner\neuronetdesigner\Creator.h(1869): warning C4244: 'argument': conversion from 'double' to 'float', possible loss of data
c:\users\елена\documents\visual studio 2015\projects\diploma\neuronetdesigner\neuronetdesigner\Creator.h(1893): warning C4018: '<': signed/unsigned mismatch
c:\users\елена\documents\visual studio 2015\projects\diploma\neuronetdesigner\neuronetdesigner\Creator.h(1910): warning C4018: '<': signed/unsigned mismatch
c:\users\елена\documents\visual studio 2015\projects\diploma\neuronetdesigner\neuronetdesigner\Creator.h(1919): warning C4018: '<': signed/unsigned mismatch
c:\users\елена\documents\visual studio 2015\projects\diploma\neuronetdesigner\neuronetdesigner\Creator.h(1929): warning C4018: '<': signed/unsigned mismatch
c:\users\елена\documents\visual studio 2015\projects\diploma\neuronetdesigner\neuronetdesigner\Creator.h(1936): warning C4018: '<': signed/unsigned mismatch
c:\users\елена\documents\visual studio 2015\projects\diploma\neuronetdesigner\neuronetdesigner\Creator.h(1952): warning C4018: '<': signed/unsigned mismatch
c:\users\елена\documents\visual studio 2015\projects\diploma\neuronetdesigner\neuronetdesigner\Creator.h(1965): warning C4018: '<': signed/unsigned mismatch
c:\users\елена\documents\visual studio 2015\projects\diploma\neuronetdesigner\neuronetdesigner\Creator.h(1972): warning C4018: '<': signed/unsigned mismatch
c:\users\елена\documents\visual studio 2015\projects\diploma\neuronetdesigner\neuronetdesigner\Creator.h(1974): warning C4018: '<': signed/unsigned mismatch
c:\users\елена\documents\visual studio 2015\projects\diploma\neuronetdesigner\neuronetdesigner\NeuroNetEditor.h(666): warning C4018: '<': signed/unsigned mismatch
c:\users\елена\documents\visual studio 2015\projects\diploma\neuronetdesigner\neuronetdesigner\NeuroNetEditor.h(704): warning C4018: '<': signed/unsigned mismatch
c:\users\елена\documents\visual studio 2015\projects\diploma\neuronetdesigner\neuronetdesigner\NeuroNetEditor.h(752): warning C4018: '<': signed/unsigned mismatch
c:\users\елена\documents\visual studio 2015\projects\diploma\neuronetdesigner\neuronetdesigner\NeuroNetEditor.h(962): warning C4018: '<': signed/unsigned mismatch
c:\users\елена\documents\visual studio 2015\projects\diploma\neuronetdesigner\neuronetdesigner\MainForm.h(76): warning C4018: '<': signed/unsigned mismatch
c:\users\елена\documents\visual studio 2015\projects\diploma\neuronetdesigner\neuronetdesigner\MainForm.h(172): warning C4018: '<': signed/unsigned mismatch
c:\users\елена\documents\visual studio 2015\projects\diploma\neuronetdesigner\neuronetdesigner\MainForm.h(181): warning C4018: '<': signed/unsigned mismatch
c:\users\елена\documents\visual studio 2015\projects\diploma\neuronetdesigner\neuronetdesigner\MainForm.h(190): warning C4018: '<': signed/unsigned mismatch
c:\users\елена\documents\visual studio 2015\projects\diploma\neuronetdesigner\neuronetdesigner\MainForm.h(206): warning C4018: '<': signed/unsigned mismatch
c:\users\елена\documents\visual studio 2015\projects\diploma\neuronetdesigner\neuronetdesigner\MainForm.h(215): warning C4018: '<': signed/unsigned mismatch
c:\users\елена\documents\visual studio 2015\projects\diploma\neuronetdesigner\neuronetdesigner\MainForm.h(224): warning C4018: '<': signed/unsigned mismatch
c:\users\елена\documents\visual studio 2015\projects\diploma\neuronetdesigner\neuronetdesigner\MainForm.h(228): warning C4018: '<': signed/unsigned mismatch
c:\users\елена\documents\visual studio 2015\projects\diploma\neuronetdesigner\neuronetdesigner\MainForm.h(970): warning C4018: '<': signed/unsigned mismatch
c:\users\елена\documents\visual studio 2015\projects\diploma\neuronetdesigner\neuronetdesigner\MainForm.h(996): warning C4018: '<': signed/unsigned mismatch
c:\users\елена\documents\visual studio 2015\projects\diploma\neuronetdesigner\neuronetdesigner\MainForm.h(1011): warning C4018: '<': signed/unsigned mismatch
c:\users\елена\documents\visual studio 2015\projects\diploma\neuronetdesigner\neuronetdesigner\MainForm.h(1032): warning C4018: '<': signed/unsigned mismatch
c:\users\елена\documents\visual studio 2015\projects\diploma\neuronetdesigner\neuronetdesigner\MainForm.h(1218): warning C4018: '<': signed/unsigned mismatch
c:\users\елена\documents\visual studio 2015\projects\diploma\neuronetdesigner\neuronetdesigner\MainForm.h(1237): warning C4018: '<': signed/unsigned mismatch
  NeuroNetEditor.cpp
c:\users\елена\documents\visual studio 2015\projects\diploma\neuronetdesigner\neuronetdesigner\Creator.h(937): warning C4018: '<': signed/unsigned mismatch
c:\users\елена\documents\visual studio 2015\projects\diploma\neuronetdesigner\neuronetdesigner\Creator.h(1045): warning C4018: '<': signed/unsigned mismatch
c:\users\елена\documents\visual studio 2015\projects\diploma\neuronetdesigner\neuronetdesigner\Creator.h(1058): warning C4244: '=': conversion from 'double' to 'int', possible loss of data
c:\users\елена\documents\visual studio 2015\projects\diploma\neuronetdesigner\neuronetdesigner\Creator.h(1070): warning C4244: 'argument': conversion from 'double' to 'int', possible loss of data
c:\users\елена\documents\visual studio 2015\projects\diploma\neuronetdesigner\neuronetdesigner\Creator.h(1079): warning C4018: '<': signed/unsigned mismatch
c:\users\елена\documents\visual studio 2015\projects\diploma\neuronetdesigner\neuronetdesigner\Creator.h(1090): warning C4244: 'argument': conversion from 'double' to 'float', possible loss of data
c:\users\елена\documents\visual studio 2015\projects\diploma\neuronetdesigner\neuronetdesigner\Creator.h(1104): warning C4018: '<': signed/unsigned mismatch
c:\users\елена\documents\visual studio 2015\projects\diploma\neuronetdesigner\neuronetdesigner\Creator.h(1120): warning C4244: 'argument': conversion from 'double' to 'int', possible loss of data
c:\users\елена\documents\visual studio 2015\projects\diploma\neuronetdesigner\neuronetdesigner\Creator.h(1170): warning C4018: '<': signed/unsigned mismatch
c:\users\елена\documents\visual studio 2015\projects\diploma\neuronetdesigner\neuronetdesigner\Creator.h(1190): warning C4018: '<': signed/unsigned mismatch
c:\users\елена\documents\visual studio 2015\projects\diploma\neuronetdesigner\neuronetdesigner\Creator.h(1202): warning C4018: '<': signed/unsigned mismatch
c:\users\елена\documents\visual studio 2015\projects\diploma\neuronetdesigner\neuronetdesigner\Creator.h(1220): warning C4018: '<': signed/unsigned mismatch
c:\users\елена\documents\visual studio 2015\projects\diploma\neuronetdesigner\neuronetdesigner\Creator.h(1225): warning C4244: 'argument': conversion from 'double' to 'int', possible loss of data
c:\users\елена\documents\visual studio 2015\projects\diploma\neuronetdesigner\neuronetdesigner\Creator.h(1226): warning C4244: 'argument': conversion from 'double' to 'int', possible loss of data
c:\users\елена\documents\visual studio 2015\projects\diploma\neuronetdesigner\neuronetdesigner\Creator.h(1229): warning C4244: 'argument': conversion from 'double' to 'float', possible loss of data
c:\users\елена\documents\visual studio 2015\projects\diploma\neuronetdesigner\neuronetdesigner\Creator.h(1233): warning C4018: '<': signed/unsigned mismatch
c:\users\елена\documents\visual studio 2015\projects\diploma\neuronetdesigner\neuronetdesigner\Creator.h(1234): warning C4244: 'argument': conversion from 'double' to 'float', possible loss of data
c:\users\елена\documents\visual studio 2015\projects\diploma\neuronetdesigner\neuronetdesigner\Creator.h(1235): warning C4244: 'argument': conversion from 'double' to 'float', possible loss of data
c:\users\елена\documents\visual studio 2015\projects\diploma\neuronetdesigner\neuronetdesigner\Creator.h(1239): warning C4244: 'argument': conversion from 'double' to 'float', possible loss of data
c:\users\елена\documents\visual studio 2015\projects\diploma\neuronetdesigner\neuronetdesigner\Creator.h(1255): warning C4018: '<': signed/unsigned mismatch
c:\users\елена\documents\visual studio 2015\projects\diploma\neuronetdesigner\neuronetdesigner\Creator.h(1294): warning C4018: '<': signed/unsigned mismatch
c:\users\елена\documents\visual studio 2015\projects\diploma\neuronetdesigner\neuronetdesigner\Creator.h(1327): warning C4244: 'argument': conversion from 'double' to 'int', possible loss of data
c:\users\елена\documents\visual studio 2015\projects\diploma\neuronetdesigner\neuronetdesigner\Creator.h(1330): warning C4244: 'argument': conversion from 'double' to 'float', possible loss of data
c:\users\елена\documents\visual studio 2015\projects\diploma\neuronetdesigner\neuronetdesigner\Creator.h(1338): warning C4018: '<': signed/unsigned mismatch
c:\users\елена\documents\visual studio 2015\projects\diploma\neuronetdesigner\neuronetdesigner\Creator.h(1343): warning C4244: 'argument': conversion from 'double' to 'float', possible loss of data
c:\users\елена\documents\visual studio 2015\projects\diploma\neuronetdesigner\neuronetdesigner\Creator.h(1347): warning C4244: 'argument': conversion from 'double' to 'float', possible loss of data
c:\users\елена\documents\visual studio 2015\projects\diploma\neuronetdesigner\neuronetdesigner\Creator.h(1359): warning C4018: '<': signed/unsigned mismatch
c:\users\елена\documents\visual studio 2015\projects\diploma\neuronetdesigner\neuronetdesigner\Creator.h(1383): warning C4018: '<': signed/unsigned mismatch
c:\users\елена\documents\visual studio 2015\projects\diploma\neuronetdesigner\neuronetdesigner\Creator.h(1388): warning C4244: 'argument': conversion from 'double' to 'int', possible loss of data
c:\users\елена\documents\visual studio 2015\projects\diploma\neuronetdesigner\neuronetdesigner\Creator.h(1391): warning C4244: 'argument': conversion from 'double' to 'float', possible loss of data
c:\users\елена\documents\visual studio 2015\projects\diploma\neuronetdesigner\neuronetdesigner\Creator.h(1395): warning C4018: '<': signed/unsigned mismatch
c:\users\елена\documents\visual studio 2015\projects\diploma\neuronetdesigner\neuronetdesigner\Creator.h(1396): warning C4244: 'argument': conversion from 'double' to 'float', possible loss of data
c:\users\елена\documents\visual studio 2015\projects\diploma\neuronetdesigner\neuronetdesigner\Creator.h(1400): warning C4244: 'argument': conversion from 'double' to 'float', possible loss of data
c:\users\елена\documents\visual studio 2015\projects\diploma\neuronetdesigner\neuronetdesigner\Creator.h(1413): warning C4018: '<': signed/unsigned mismatch
c:\users\елена\documents\visual studio 2015\projects\diploma\neuronetdesigner\neuronetdesigner\Creator.h(1469): warning C4244: 'argument': conversion from 'double' to 'int', possible loss of data
c:\users\елена\documents\visual studio 2015\projects\diploma\neuronetdesigner\neuronetdesigner\Creator.h(1480): warning C4244: 'argument': conversion from 'double' to 'int', possible loss of data
c:\users\елена\documents\visual studio 2015\projects\diploma\neuronetdesigner\neuronetdesigner\Creator.h(1481): warning C4244: 'argument': conversion from 'double' to 'int', possible loss of data
c:\users\елена\documents\visual studio 2015\projects\diploma\neuronetdesigner\neuronetdesigner\Creator.h(1487): warning C4244: 'argument': conversion from 'double' to 'float', possible loss of data
c:\users\елена\documents\visual studio 2015\projects\diploma\neuronetdesigner\neuronetdesigner\Creator.h(1491): warning C4244: 'argument': conversion from 'double' to 'float', possible loss of data
c:\users\елена\documents\visual studio 2015\projects\diploma\neuronetdesigner\neuronetdesigner\Creator.h(1492): warning C4244: 'argument': conversion from 'double' to 'float', possible loss of data
c:\users\елена\documents\visual studio 2015\projects\diploma\neuronetdesigner\neuronetdesigner\Creator.h(1493): warning C4244: 'argument': conversion from 'double' to 'float', possible loss of data
c:\users\елена\documents\visual studio 2015\projects\diploma\neuronetdesigner\neuronetdesigner\Creator.h(1495): warning C4244: 'argument': conversion from 'double' to 'float', possible loss of data
c:\users\елена\documents\visual studio 2015\projects\diploma\neuronetdesigner\neuronetdesigner\Creator.h(1500): warning C4244: 'argument': conversion from 'double' to 'float', possible loss of data
c:\users\елена\documents\visual studio 2015\projects\diploma\neuronetdesigner\neuronetdesigner\Creator.h(1501): warning C4244: 'argument': conversion from 'double' to 'float', possible loss of data
c:\users\елена\documents\visual studio 2015\projects\diploma\neuronetdesigner\neuronetdesigner\Creator.h(1544): warning C4244: 'argument': conversion from 'double' to 'int', possible loss of data
c:\users\елена\documents\visual studio 2015\projects\diploma\neuronetdesigner\neuronetdesigner\Creator.h(1556): warning C4244: 'argument': conversion from 'double' to 'int', possible loss of data
c:\users\елена\documents\visual studio 2015\projects\diploma\neuronetdesigner\neuronetdesigner\Creator.h(1557): warning C4244: 'argument': conversion from 'double' to 'int', possible loss of data
c:\users\елена\documents\visual studio 2015\projects\diploma\neuronetdesigner\neuronetdesigner\Creator.h(1564): warning C4244: 'argument': conversion from 'double' to 'float', possible loss of data
c:\users\елена\documents\visual studio 2015\projects\diploma\neuronetdesigner\neuronetdesigner\Creator.h(1569): warning C4244: 'argument': conversion from 'double' to 'float', possible loss of data
c:\users\елена\documents\visual studio 2015\projects\diploma\neuronetdesigner\neuronetdesigner\Creator.h(1570): warning C4244: 'argument': conversion from 'double' to 'float', possible loss of data
c:\users\елена\documents\visual studio 2015\projects\diploma\neuronetdesigner\neuronetdesigner\Creator.h(1571): warning C4244: 'argument': conversion from 'double' to 'float', possible loss of data
c:\users\елена\documents\visual studio 2015\projects\diploma\neuronetdesigner\neuronetdesigner\Creator.h(1574): warning C4244: 'argument': conversion from 'double' to 'float', possible loss of data
c:\users\елена\documents\visual studio 2015\projects\diploma\neuronetdesigner\neuronetdesigner\Creator.h(1577): warning C4244: 'argument': conversion from 'double' to 'float', possible loss of data
c:\users\елена\documents\visual studio 2015\projects\diploma\neuronetdesigner\neuronetdesigner\Creator.h(1582): warning C4244: 'argument': conversion from 'double' to 'float', possible loss of data
c:\users\елена\documents\visual studio 2015\projects\diploma\neuronetdesigner\neuronetdesigner\Creator.h(1583): warning C4244: 'argument': conversion from 'double' to 'float', possible loss of data
c:\users\елена\documents\visual studio 2015\projects\diploma\neuronetdesigner\neuronetdesigner\Creator.h(1620): warning C4018: '<': signed/unsigned mismatch
c:\users\елена\documents\visual studio 2015\projects\diploma\neuronetdesigner\neuronetdesigner\Creator.h(1631): warning C4018: '<': signed/unsigned mismatch
c:\users\елена\documents\visual studio 2015\projects\diploma\neuronetdesigner\neuronetdesigner\Creator.h(1632): warning C4244: '=': conversion from 'double' to 'int', possible loss of data
c:\users\елена\documents\visual studio 2015\projects\diploma\neuronetdesigner\neuronetdesigner\Creator.h(1673): warning C4244: 'argument': conversion from 'double' to 'int', possible loss of data
c:\users\елена\documents\visual studio 2015\projects\diploma\neuronetdesigner\neuronetdesigner\Creator.h(1677): warning C4244: 'initializing': conversion from 'double' to 'int', possible loss of data
c:\users\елена\documents\visual studio 2015\projects\diploma\neuronetdesigner\neuronetdesigner\Creator.h(1684): warning C4244: 'argument': conversion from 'double' to 'int', possible loss of data
c:\users\елена\documents\visual studio 2015\projects\diploma\neuronetdesigner\neuronetdesigner\Creator.h(1687): warning C4244: 'argument': conversion from 'double' to 'float', possible loss of data
c:\users\елена\documents\visual studio 2015\projects\diploma\neuronetdesigner\neuronetdesigner\Creator.h(1690): warning C4244: 'argument': conversion from 'double' to 'float', possible loss of data
c:\users\елена\documents\visual studio 2015\projects\diploma\neuronetdesigner\neuronetdesigner\Creator.h(1691): warning C4244: '+=': conversion from 'double' to 'int', possible loss of data
c:\users\елена\documents\visual studio 2015\projects\diploma\neuronetdesigner\neuronetdesigner\Creator.h(1694): warning C4244: 'argument': conversion from 'double' to 'float', possible loss of data
c:\users\елена\documents\visual studio 2015\projects\diploma\neuronetdesigner\neuronetdesigner\Creator.h(1696): warning C4244: 'argument': conversion from 'double' to 'float', possible loss of data
c:\users\елена\documents\visual studio 2015\projects\diploma\neuronetdesigner\neuronetdesigner\Creator.h(1699): warning C4244: 'argument': conversion from 'double' to 'float', possible loss of data
c:\users\елена\documents\visual studio 2015\projects\diploma\neuronetdesigner\neuronetdesigner\Creator.h(1700): warning C4244: 'argument': conversion from 'double' to 'float', possible loss of data
c:\users\елена\documents\visual studio 2015\projects\diploma\neuronetdesigner\neuronetdesigner\Creator.h(1728): warning C4018: '<': signed/unsigned mismatch
c:\users\елена\documents\visual studio 2015\projects\diploma\neuronetdesigner\neuronetdesigner\Creator.h(1737): warning C4018: '<': signed/unsigned mismatch
c:\users\елена\documents\visual studio 2015\projects\diploma\neuronetdesigner\neuronetdesigner\Creator.h(1754): warning C4018: '<': signed/unsigned mismatch
c:\users\елена\documents\visual studio 2015\projects\diploma\neuronetdesigner\neuronetdesigner\Creator.h(1762): warning C4018: '<': signed/unsigned mismatch
c:\users\елена\documents\visual studio 2015\projects\diploma\neuronetdesigner\neuronetdesigner\Creator.h(1785): warning C4244: 'argument': conversion from 'double' to 'int', possible loss of data
c:\users\елена\documents\visual studio 2015\projects\diploma\neuronetdesigner\neuronetdesigner\Creator.h(1789): warning C4244: 'argument': conversion from 'double' to 'float', possible loss of data
c:\users\елена\documents\visual studio 2015\projects\diploma\neuronetdesigner\neuronetdesigner\Creator.h(1791): warning C4244: 'argument': conversion from 'double' to 'float', possible loss of data
c:\users\елена\documents\visual studio 2015\projects\diploma\neuronetdesigner\neuronetdesigner\Creator.h(1794): warning C4244: 'argument': conversion from 'double' to 'float', possible loss of data
c:\users\елена\documents\visual studio 2015\projects\diploma\neuronetdesigner\neuronetdesigner\Creator.h(1795): warning C4244: 'argument': conversion from 'double' to 'float', possible loss of data
c:\users\елена\documents\visual studio 2015\projects\diploma\neuronetdesigner\neuronetdesigner\Creator.h(1809): warning C4018: '<': signed/unsigned mismatch
c:\users\елена\documents\visual studio 2015\projects\diploma\neuronetdesigner\neuronetdesigner\Creator.h(1822): warning C4018: '<': signed/unsigned mismatch
c:\users\елена\documents\visual studio 2015\projects\diploma\neuronetdesigner\neuronetdesigner\Creator.h(1832): warning C4018: '<': signed/unsigned mismatch
c:\users\елена\documents\visual studio 2015\projects\diploma\neuronetdesigner\neuronetdesigner\Creator.h(1860): warning C4018: '<': signed/unsigned mismatch
c:\users\елена\documents\visual studio 2015\projects\diploma\neuronetdesigner\neuronetdesigner\Creator.h(1865): warning C4244: 'argument': conversion from 'double' to 'int', possible loss of data
c:\users\елена\documents\visual studio 2015\projects\diploma\neuronetdesigner\neuronetdesigner\Creator.h(1868): warning C4018: '<': signed/unsigned mismatch
c:\users\елена\documents\visual studio 2015\projects\diploma\neuronetdesigner\neuronetdesigner\Creator.h(1869): warning C4244: 'argument': conversion from 'double' to 'float', possible loss of data
c:\users\елена\documents\visual studio 2015\projects\diploma\neuronetdesigner\neuronetdesigner\Creator.h(1893): warning C4018: '<': signed/unsigned mismatch
c:\users\елена\documents\visual studio 2015\projects\diploma\neuronetdesigner\neuronetdesigner\Creator.h(1910): warning C4018: '<': signed/unsigned mismatch
c:\users\елена\documents\visual studio 2015\projects\diploma\neuronetdesigner\neuronetdesigner\Creator.h(1919): warning C4018: '<': signed/unsigned mismatch
c:\users\елена\documents\visual studio 2015\projects\diploma\neuronetdesigner\neuronetdesigner\Creator.h(1929): warning C4018: '<': signed/unsigned mismatch
c:\users\елена\documents\visual studio 2015\projects\diploma\neuronetdesigner\neuronetdesigner\Creator.h(1936): warning C4018: '<': signed/unsigned mismatch
c:\users\елена\documents\visual studio 2015\projects\diploma\neuronetdesigner\neuronetdesigner\Creator.h(1952): warning C4018: '<': signed/unsigned mismatch
c:\users\елена\documents\visual studio 2015\projects\diploma\neuronetdesigner\neuronetdesigner\Creator.h(1965): warning C4018: '<': signed/unsigned mismatch
c:\users\елена\documents\visual studio 2015\projects\diploma\neuronetdesigner\neuronetdesigner\Creator.h(1972): warning C4018: '<': signed/unsigned mismatch
c:\users\елена\documents\visual studio 2015\projects\diploma\neuronetdesigner\neuronetdesigner\Creator.h(1974): warning C4018: '<': signed/unsigned mismatch
c:\users\елена\documents\visual studio 2015\projects\diploma\neuronetdesigner\neuronetdesigner\NeuroNetEditor.h(666): warning C4018: '<': signed/unsigned mismatch
c:\users\елена\documents\visual studio 2015\projects\diploma\neuronetdesigner\neuronetdesigner\NeuroNetEditor.h(704): warning C4018: '<': signed/unsigned mismatch
c:\users\елена\documents\visual studio 2015\projects\diploma\neuronetdesigner\neuronetdesigner\NeuroNetEditor.h(752): warning C4018: '<': signed/unsigned mismatch
c:\users\елена\documents\visual studio 2015\projects\diploma\neuronetdesigner\neuronetdesigner\NeuroNetEditor.h(962): warning C4018: '<': signed/unsigned mismatch
  Generating Code...
  Creator.obj : /DEBUG:FASTLINK is not supported when managed code is present; restarting link with /DEBUG:FULL
  NeuroNetDesigner.vcxproj -> C:\Users\Елена\Documents\Visual Studio 2015\Projects\Diploma\NeuroNetDesigner\Debug\NeuroNetDesigner.exe
  NeuroNetDesigner.vcxproj -> C:\Users\Елена\Documents\Visual Studio 2015\Projects\Diploma\NeuroNetDesigner\Debug\NeuroNetDesigner.pdb (Partial PDB)
