  NeuroNet.cpp
NeuroNet.cpp(50): warning C4018: '>=': signed/unsigned mismatch
NeuroNet.cpp(56): warning C4018: '>=': signed/unsigned mismatch
NeuroNet.cpp(71): warning C4018: '<': signed/unsigned mismatch
NeuroNet.cpp(87): warning C4018: '<': signed/unsigned mismatch
NeuroNet.cpp(92): warning C4018: '<': signed/unsigned mismatch
NeuroNet.cpp(96): warning C4018: '<': signed/unsigned mismatch
NeuroNet.cpp(104): warning C4018: '<': signed/unsigned mismatch
NeuroNet.cpp(116): warning C4018: '<': signed/unsigned mismatch
NeuroNet.cpp(140): warning C4018: '<': signed/unsigned mismatch
NeuroNet.cpp(191): warning C4018: '<': signed/unsigned mismatch
NeuroNet.cpp(196): warning C4018: '<': signed/unsigned mismatch
NeuroNet.cpp(200): warning C4018: '<': signed/unsigned mismatch
NeuroNet.cpp(208): warning C4018: '<': signed/unsigned mismatch
NeuroNet.cpp(219): warning C4018: '<': signed/unsigned mismatch
NeuroNet.cpp(225): warning C4018: '<': signed/unsigned mismatch
NeuroNet.cpp(244): warning C4018: '<': signed/unsigned mismatch
NeuroNet.cpp(252): warning C4018: '<': signed/unsigned mismatch
NeuroNet.cpp(258): warning C4018: '<': signed/unsigned mismatch
NeuroNet.cpp(263): warning C4018: '<': signed/unsigned mismatch
NeuroNet.cpp(269): warning C4018: '<': signed/unsigned mismatch
NeuroNet.cpp(279): warning C4018: '<': signed/unsigned mismatch
NeuroNet.cpp(286): warning C4018: '<': signed/unsigned mismatch
NeuroNet.cpp(305): warning C4018: '<': signed/unsigned mismatch
NeuroNet.cpp(318): warning C4018: '<': signed/unsigned mismatch
NeuroNet.cpp(340): warning C4018: '<': signed/unsigned mismatch
NeuroNet.cpp(349): warning C4018: '<': signed/unsigned mismatch
NeuroNet.cpp(356): warning C4018: '<': signed/unsigned mismatch
NeuroNet.cpp(362): warning C4018: '<': signed/unsigned mismatch
  Generating code
  1 of 1825 functions ( 0.1%) were compiled, the rest were copied from previous compilation.
    0 functions were new in current compilation
    27 functions had inline decision re-evaluated but remain unchanged
  Finished generating code
  CreatureNeuroNet.vcxproj -> C:\Users\Елена\Documents\Visual Studio 2015\Projects\Diploma\CreatureNeuroNet\Release\CreatureNeuroNet.exe
  CreatureNeuroNet.vcxproj -> C:\Users\Елена\Documents\Visual Studio 2015\Projects\Diploma\CreatureNeuroNet\Release\CreatureNeuroNet.pdb (Full PDB)
