c:\users\елена\documents\visual studio 2015\projects\diploma\creatureneuronet\creatureneuronet\release\vc140.pdb
c:\users\елена\documents\visual studio 2015\projects\diploma\creatureneuronet\creatureneuronet\release\source.nativecodeanalysis.xml
c:\users\елена\documents\visual studio 2015\projects\diploma\creatureneuronet\creatureneuronet\release\neuronet.nativecodeanalysis.xml
c:\users\елена\documents\visual studio 2015\projects\diploma\creatureneuronet\creatureneuronet\release\matrix2d.nativecodeanalysis.xml
c:\users\елена\documents\visual studio 2015\projects\diploma\creatureneuronet\creatureneuronet\release\layer.nativecodeanalysis.xml
c:\users\елена\documents\visual studio 2015\projects\diploma\creatureneuronet\creatureneuronet\release\creature.nativecodeanalysis.xml
c:\users\елена\documents\visual studio 2015\projects\diploma\creatureneuronet\creatureneuronet\release\common.nativecodeanalysis.xml
c:\users\елена\documents\visual studio 2015\projects\diploma\creatureneuronet\creatureneuronet\release\common.obj
c:\users\елена\documents\visual studio 2015\projects\diploma\creatureneuronet\creatureneuronet\release\creature.obj
c:\users\елена\documents\visual studio 2015\projects\diploma\creatureneuronet\creatureneuronet\release\layer.obj
c:\users\елена\documents\visual studio 2015\projects\diploma\creatureneuronet\creatureneuronet\release\matrix2d.obj
c:\users\елена\documents\visual studio 2015\projects\diploma\creatureneuronet\creatureneuronet\release\neuronet.obj
c:\users\елена\documents\visual studio 2015\projects\diploma\creatureneuronet\creatureneuronet\release\source.obj
c:\users\елена\documents\visual studio 2015\projects\diploma\creatureneuronet\release\creatureneuronet.exe
c:\users\елена\documents\visual studio 2015\projects\diploma\creatureneuronet\release\creatureneuronet.ipdb
c:\users\елена\documents\visual studio 2015\projects\diploma\creatureneuronet\release\creatureneuronet.iobj
c:\users\елена\documents\visual studio 2015\projects\diploma\creatureneuronet\release\creatureneuronet.pdb
c:\users\елена\documents\visual studio 2015\projects\diploma\creatureneuronet\creatureneuronet\release\nativecodeanalysis.read.1.tlog
c:\users\елена\documents\visual studio 2015\projects\diploma\creatureneuronet\creatureneuronet\release\vc.nativecodeanalysis.all.xml
c:\users\елена\documents\visual studio 2015\projects\diploma\creatureneuronet\release\creatureneuronet.exe.lastcodeanalysissucceeded
c:\users\елена\documents\visual studio 2015\projects\diploma\creatureneuronet\creatureneuronet\release\creatureneuronet.tlog\cl.command.1.tlog
c:\users\елена\documents\visual studio 2015\projects\diploma\creatureneuronet\creatureneuronet\release\creatureneuronet.tlog\cl.read.1.tlog
c:\users\елена\documents\visual studio 2015\projects\diploma\creatureneuronet\creatureneuronet\release\creatureneuronet.tlog\cl.write.1.tlog
c:\users\елена\documents\visual studio 2015\projects\diploma\creatureneuronet\creatureneuronet\release\creatureneuronet.tlog\link.command.1.tlog
c:\users\елена\documents\visual studio 2015\projects\diploma\creatureneuronet\creatureneuronet\release\creatureneuronet.tlog\link.read.1.tlog
c:\users\елена\documents\visual studio 2015\projects\diploma\creatureneuronet\creatureneuronet\release\creatureneuronet.tlog\link.write.1.tlog
